2023-05-15 19:13:33,522 - selenium.webdriver.common.selenium_manager - INFO - Applicable driver not found; attempting to install with Selenium Manager (Beta)
2023-05-15 19:13:34,884 - root - INFO - *********** Test_001_Login **************
2023-05-15 19:13:34,884 - root - INFO - *********** Verifying Home Page Title **************
2023-05-15 19:13:38,243 - root - ERROR - *********** home page title test failed **************
2023-05-15 19:13:38,630 - selenium.webdriver.common.selenium_manager - INFO - Applicable driver not found; attempting to install with Selenium Manager (Beta)
2023-05-15 19:13:39,921 - root - INFO - *********** Verifying login test **************
2023-05-15 19:30:15,759 - selenium.webdriver.common.selenium_manager - INFO - Applicable driver not found; attempting to install with Selenium Manager (Beta)
2023-05-15 19:30:17,196 - root - INFO - *********** Test_001_Login **************
2023-05-15 19:30:17,196 - root - INFO - *********** Verifying Home Page Title **************
2023-05-15 19:30:20,869 - root - ERROR - *********** home page title test failed **************
2023-05-15 19:30:21,411 - selenium.webdriver.common.selenium_manager - INFO - Applicable driver not found; attempting to install with Selenium Manager (Beta)
2023-05-15 19:30:22,864 - root - INFO - *********** Verifying login test **************
2023-05-15 19:30:35,961 - selenium.webdriver.common.selenium_manager - INFO - Applicable driver not found; attempting to install with Selenium Manager (Beta)
2023-05-15 19:30:41,754 - selenium.webdriver.common.selenium_manager - INFO - Applicable driver not found; attempting to install with Selenium Manager (Beta)
2023-05-15 19:31:24,267 - selenium.webdriver.common.selenium_manager - INFO - Applicable driver not found; attempting to install with Selenium Manager (Beta)
2023-05-15 19:31:38,143 - root - INFO - *********** Test_001_Login **************
2023-05-15 19:31:38,143 - root - INFO - *********** Verifying Home Page Title **************
2023-05-15 19:31:46,622 - root - ERROR - *********** home page title test failed **************
2023-05-15 19:31:48,913 - selenium.webdriver.common.selenium_manager - INFO - Applicable driver not found; attempting to install with Selenium Manager (Beta)
2023-05-15 19:31:55,146 - root - INFO - *********** Verifying login test **************
2023-05-15 19:35:00,081 - selenium.webdriver.common.selenium_manager - INFO - Applicable driver not found; attempting to install with Selenium Manager (Beta)
2023-05-15 19:35:00,081 - selenium.webdriver.common.selenium_manager - INFO - Applicable driver not found; attempting to install with Selenium Manager (Beta)
2023-05-15 19:35:03,911 - root - INFO - *********** Verifying login test **************
2023-05-15 19:35:05,592 - root - INFO - *********** Test_001_Login **************
2023-05-15 19:35:05,592 - root - INFO - *********** Verifying Home Page Title **************
2023-05-15 19:35:10,931 - root - ERROR - *********** home page title test failed **************
2023-05-15 20:04:41,362 - selenium.webdriver.common.selenium_manager - INFO - Applicable driver not found; attempting to install with Selenium Manager (Beta)
2023-05-15 20:04:41,362 - selenium.webdriver.common.selenium_manager - INFO - Applicable driver not found; attempting to install with Selenium Manager (Beta)
2023-05-15 20:05:37,814 - selenium.webdriver.common.selenium_manager - INFO - Applicable driver not found; attempting to install with Selenium Manager (Beta)
2023-05-15 20:05:37,814 - selenium.webdriver.common.selenium_manager - INFO - Applicable driver not found; attempting to install with Selenium Manager (Beta)
2023-05-15 20:05:39,607 - root - INFO - *********** Test_001_Login **************
2023-05-15 20:05:39,608 - root - INFO - *********** Verifying Home Page Title **************
2023-05-15 20:05:39,657 - root - INFO - *********** Verifying login test **************
2023-05-15 20:05:45,219 - root - ERROR - *********** home page title test failed **************
2023-05-15 20:11:16,795 - selenium.webdriver.common.selenium_manager - INFO - Applicable driver not found; attempting to install with Selenium Manager (Beta)
2023-05-15 20:11:16,795 - selenium.webdriver.common.selenium_manager - INFO - Applicable driver not found; attempting to install with Selenium Manager (Beta)
2023-05-15 20:11:18,340 - root - INFO - *********** Test_001_Login **************
2023-05-15 20:11:18,341 - root - INFO - *********** Verifying Home Page Title **************
2023-05-15 20:11:18,342 - root - INFO - *********** Verifying login test **************
2023-05-15 20:11:23,088 - root - ERROR - *********** home page title test failed **************
2023-05-15 20:13:25,059 - selenium.webdriver.common.selenium_manager - INFO - Applicable driver not found; attempting to install with Selenium Manager (Beta)
2023-05-15 20:13:25,059 - selenium.webdriver.common.selenium_manager - INFO - Applicable driver not found; attempting to install with Selenium Manager (Beta)
2023-05-15 20:13:26,617 - root - INFO - *********** Verifying login test **************
2023-05-15 20:13:26,640 - root - INFO - *********** Test_001_Login **************
2023-05-15 20:13:26,641 - root - INFO - *********** Verifying Home Page Title **************
2023-05-15 20:13:30,972 - root - ERROR - *********** home page title test failed **************
2023-05-15 20:15:14,409 - selenium.webdriver.common.selenium_manager - INFO - Applicable driver not found; attempting to install with Selenium Manager (Beta)
2023-05-15 20:15:14,409 - selenium.webdriver.common.selenium_manager - INFO - Applicable driver not found; attempting to install with Selenium Manager (Beta)
2023-05-15 20:15:15,844 - root - INFO - *********** Test_001_Login **************
2023-05-15 20:15:15,844 - root - INFO - *********** Verifying Home Page Title **************
2023-05-15 20:15:15,939 - root - INFO - *********** Verifying login test **************
2023-05-15 20:15:22,055 - root - ERROR - *********** home page title test failed **************
2023-05-15 21:09:24,524 - selenium.webdriver.common.selenium_manager - INFO - Applicable driver not found; attempting to install with Selenium Manager (Beta)
2023-05-15 21:09:27,348 - root - INFO - *********** Test_001_Login **************
2023-05-15 21:09:27,348 - root - INFO - *********** Verifying Home Page Title **************
2023-05-15 21:09:27,350 - root - INFO - *********** Verifying login test **************
2023-05-15 21:09:32,640 - root - ERROR - *********** home page title test failed **************
2023-05-15 21:09:44,995 - selenium.webdriver.common.selenium_manager - INFO - Applicable driver not found; attempting to install with Selenium Manager (Beta)
2023-05-15 21:09:46,419 - root - INFO - *********** Test_002_DDT_Login ***************
2023-05-15 21:09:46,419 - root - INFO - *********** Verifying login DDT test **************
2023-05-15 21:10:04,430 - selenium.webdriver.common.selenium_manager - INFO - Applicable driver not found; attempting to install with Selenium Manager (Beta)
2023-05-15 21:10:05,812 - root - INFO - *********** Test_002_DDT_Login ***************
2023-05-15 21:10:05,812 - root - INFO - *********** Verifying login DDT test **************
2023-05-15 21:10:31,569 - selenium.webdriver.common.selenium_manager - INFO - Applicable driver not found; attempting to install with Selenium Manager (Beta)
2023-05-15 21:10:32,913 - root - INFO - *********** Test_002_DDT_Login ***************
2023-05-15 21:10:32,913 - root - INFO - *********** Verifying login DDT test **************
2023-05-15 21:26:48,899 - selenium.webdriver.common.selenium_manager - INFO - Applicable driver not found; attempting to install with Selenium Manager (Beta)
2023-05-15 21:26:50,454 - root - INFO - *********** Test_002_DDT_Login ***************
2023-05-15 21:26:50,455 - root - INFO - *********** Verifying login DDT test **************
2023-05-15 21:27:33,854 - selenium.webdriver.common.selenium_manager - INFO - Applicable driver not found; attempting to install with Selenium Manager (Beta)
2023-05-15 21:27:35,296 - root - INFO - *********** Test_002_DDT_Login ***************
2023-05-15 21:27:35,296 - root - INFO - *********** Verifying login DDT test **************
2023-05-15 21:36:43,433 - selenium.webdriver.common.selenium_manager - INFO - Applicable driver not found; attempting to install with Selenium Manager (Beta)
2023-05-15 21:36:48,338 - root - INFO - *********** Test_002_DDT_Login ***************
2023-05-15 21:36:48,338 - root - INFO - *********** Verifying login DDT test **************
2023-05-15 21:37:15,695 - selenium.webdriver.common.selenium_manager - INFO - Applicable driver not found; attempting to install with Selenium Manager (Beta)
2023-05-15 21:37:17,404 - root - INFO - *********** Test_002_DDT_Login ***************
2023-05-15 21:37:17,404 - root - INFO - *********** Verifying login DDT test **************
2023-05-15 21:37:59,113 - selenium.webdriver.common.selenium_manager - INFO - Applicable driver not found; attempting to install with Selenium Manager (Beta)
2023-05-15 21:38:00,551 - root - INFO - *********** Test_002_DDT_Login ***************
2023-05-15 21:38:00,551 - root - INFO - *********** Verifying login DDT test **************
2023-05-15 21:38:27,430 - selenium.webdriver.common.selenium_manager - INFO - Applicable driver not found; attempting to install with Selenium Manager (Beta)
2023-05-15 21:38:28,838 - root - INFO - *********** Test_002_DDT_Login ***************
2023-05-15 21:38:28,838 - root - INFO - *********** Verifying login DDT test **************
2023-05-15 21:38:47,592 - selenium.webdriver.common.selenium_manager - INFO - Applicable driver not found; attempting to install with Selenium Manager (Beta)
2023-05-15 21:38:48,910 - root - INFO - *********** Test_002_DDT_Login ***************
2023-05-15 21:38:48,910 - root - INFO - *********** Verifying login DDT test **************
